<?xml version="1.0" encoding="UTF-8"?>
<!-- Generated by org.testng.reporters.JUnitReportReporter -->
<testsuite hostname="NGCINLTP133" failures="0" tests="1" name="com.common.FlipkartLogin" time="41.679" errors="0" timestamp="2024-07-26T16:03:12 IST" skipped="0">
  <testcase classname="com.common.FlipkartLogin" name="searchItemForMobiles" time="41.679"/>
</testsuite> <!-- com.common.FlipkartLogin -->
