<?xml version="1.0" encoding="UTF-8"?>
<!-- Generated by org.testng.reporters.JUnitReportReporter -->
<testsuite hostname="NGCINLTP133" failures="0" tests="1" name="com.common.MercedesBenz" time="33.491" errors="0" timestamp="2024-08-21T17:44:49 IST" skipped="0">
  <testcase classname="com.common.MercedesBenz" name="openURL" time="33.491"/>
</testsuite> <!-- com.common.MercedesBenz -->
