<?xml version="1.0" encoding="UTF-8"?>
<!-- Generated by org.testng.reporters.JUnitReportReporter -->
<testsuite hostname="NGCINLTP133" failures="0" tests="1" name="com.common.LoadTimeCapture" time="84.299" errors="0" timestamp="2024-07-26T11:49:12 IST" skipped="0">
  <testcase classname="com.common.LoadTimeCapture" name="capturePageLoadTime" time="84.299"/>
</testsuite> <!-- com.common.LoadTimeCapture -->
